The system is: Linux - 5.11.0-37-generic - x86_64
Checking whether the ASM compiler is Clang using "--version" matched "(clang version)":
clang version 14.0.0
Target: x86_64-unknown-linux-gnu
Thread model: posix
InstalledDir: /home/saturn/Applications/llvm-project/build/bin
Compiling the C compiler identification source file "CMakeCCompilerId.c" succeeded.
Compiler: /home/saturn/Applications/llvm-project/build/bin/clang 
Build flags: 
Id flags:  

The output was:
0


Compilation of the C compiler identification source "CMakeCCompilerId.c" produced "a.out"

The C compiler identification is Clang, found in "/home/saturn/workspace/tasks/os/toyos-0.11/build/CMakeFiles/3.16.3/CompilerIdC/a.out"

Compiling the CXX compiler identification source file "CMakeCXXCompilerId.cpp" succeeded.
Compiler: /home/saturn/Applications/llvm-project/build/bin/clang++ 
Build flags: -target;riscv64;-nostdinc;-nostdlib;-mno-relax;-fuse-ld=lld
Id flags:  

The output was:
0
ld.lld: warning: cannot find entry symbol _start; defaulting to 0x111D4


Compilation of the CXX compiler identification source "CMakeCXXCompilerId.cpp" produced "a.out"

The CXX compiler identification is Clang, found in "/home/saturn/workspace/tasks/os/toyos-0.11/build/CMakeFiles/3.16.3/CompilerIdCXX/a.out"

Determining if the C compiler works passed with the following output:
Change Dir: /home/saturn/workspace/tasks/os/toyos-0.11/build/CMakeFiles/CMakeTmp

Run Build Command(s):/usr/bin/make cmTC_2276f/fast && /usr/bin/make -f CMakeFiles/cmTC_2276f.dir/build.make CMakeFiles/cmTC_2276f.dir/build
make[1]: Entering directory '/home/saturn/workspace/tasks/os/toyos-0.11/build/CMakeFiles/CMakeTmp'
Building C object CMakeFiles/cmTC_2276f.dir/testCCompiler.c.o
/home/saturn/Applications/llvm-project/build/bin/clang    -o CMakeFiles/cmTC_2276f.dir/testCCompiler.c.o   -c /home/saturn/workspace/tasks/os/toyos-0.11/build/CMakeFiles/CMakeTmp/testCCompiler.c
Linking C executable cmTC_2276f
/usr/bin/cmake -E cmake_link_script CMakeFiles/cmTC_2276f.dir/link.txt --verbose=1
/home/saturn/Applications/llvm-project/build/bin/clang      CMakeFiles/cmTC_2276f.dir/testCCompiler.c.o  -o cmTC_2276f 
make[1]: Leaving directory '/home/saturn/workspace/tasks/os/toyos-0.11/build/CMakeFiles/CMakeTmp'



Detecting C compiler ABI info compiled with the following output:
Change Dir: /home/saturn/workspace/tasks/os/toyos-0.11/build/CMakeFiles/CMakeTmp

Run Build Command(s):/usr/bin/make cmTC_b87ad/fast && /usr/bin/make -f CMakeFiles/cmTC_b87ad.dir/build.make CMakeFiles/cmTC_b87ad.dir/build
make[1]: Entering directory '/home/saturn/workspace/tasks/os/toyos-0.11/build/CMakeFiles/CMakeTmp'
Building C object CMakeFiles/cmTC_b87ad.dir/CMakeCCompilerABI.c.o
/home/saturn/Applications/llvm-project/build/bin/clang   -v -o CMakeFiles/cmTC_b87ad.dir/CMakeCCompilerABI.c.o   -c /usr/share/cmake-3.16/Modules/CMakeCCompilerABI.c
clang version 14.0.0
Target: x86_64-unknown-linux-gnu
Thread model: posix
InstalledDir: /home/saturn/Applications/llvm-project/build/bin
Found candidate GCC installation: /usr/lib/gcc/x86_64-linux-gnu/9
Selected GCC installation: /usr/lib/gcc/x86_64-linux-gnu/9
Candidate multilib: .;@m64
Selected multilib: .;@m64
 (in-process)
 "/home/saturn/Applications/llvm-project/build/bin/clang-14" -cc1 -triple x86_64-unknown-linux-gnu -emit-obj -mrelax-all --mrelax-relocations -disable-free -main-file-name CMakeCCompilerABI.c -mrelocation-model static -mframe-pointer=all -fmath-errno -fno-rounding-math -mconstructor-aliases -munwind-tables -target-cpu x86-64 -tune-cpu generic -debugger-tuning=gdb -v -fcoverage-compilation-dir=/home/saturn/workspace/tasks/os/toyos-0.11/build/CMakeFiles/CMakeTmp -resource-dir /home/saturn/Applications/llvm-project/build/lib/clang/14.0.0 -internal-isystem /home/saturn/Applications/llvm-project/build/lib/clang/14.0.0/include -internal-isystem /usr/local/include -internal-isystem /usr/lib/gcc/x86_64-linux-gnu/9/../../../../x86_64-linux-gnu/include -internal-externc-isystem /usr/include/x86_64-linux-gnu -internal-externc-isystem /include -internal-externc-isystem /usr/include -fdebug-compilation-dir=/home/saturn/workspace/tasks/os/toyos-0.11/build/CMakeFiles/CMakeTmp -ferror-limit 19 -fgnuc-version=4.2.1 -faddrsig -D__GCC_HAVE_DWARF2_CFI_ASM=1 -o CMakeFiles/cmTC_b87ad.dir/CMakeCCompilerABI.c.o -x c /usr/share/cmake-3.16/Modules/CMakeCCompilerABI.c
clang -cc1 version 14.0.0 based upon LLVM 14.0.0git default target x86_64-unknown-linux-gnu
ignoring nonexistent directory "/usr/lib/gcc/x86_64-linux-gnu/9/../../../../x86_64-linux-gnu/include"
ignoring nonexistent directory "/include"
#include "..." search starts here:
#include <...> search starts here:
 /home/saturn/Applications/llvm-project/build/lib/clang/14.0.0/include
 /usr/local/include
 /usr/include/x86_64-linux-gnu
 /usr/include
End of search list.
Linking C executable cmTC_b87ad
/usr/bin/cmake -E cmake_link_script CMakeFiles/cmTC_b87ad.dir/link.txt --verbose=1
/home/saturn/Applications/llvm-project/build/bin/clang     -v CMakeFiles/cmTC_b87ad.dir/CMakeCCompilerABI.c.o  -o cmTC_b87ad 
clang version 14.0.0
Target: x86_64-unknown-linux-gnu
Thread model: posix
InstalledDir: /home/saturn/Applications/llvm-project/build/bin
Found candidate GCC installation: /usr/lib/gcc/x86_64-linux-gnu/9
Selected GCC installation: /usr/lib/gcc/x86_64-linux-gnu/9
Candidate multilib: .;@m64
Selected multilib: .;@m64
 "/usr/bin/ld" -z relro --hash-style=gnu --eh-frame-hdr -m elf_x86_64 -dynamic-linker /lib64/ld-linux-x86-64.so.2 -o cmTC_b87ad /lib/x86_64-linux-gnu/crt1.o /lib/x86_64-linux-gnu/crti.o /usr/lib/gcc/x86_64-linux-gnu/9/crtbegin.o -L/usr/lib/gcc/x86_64-linux-gnu/9 -L/usr/lib/gcc/x86_64-linux-gnu/9/../../../../lib64 -L/lib/x86_64-linux-gnu -L/lib/../lib64 -L/usr/lib/x86_64-linux-gnu -L/usr/lib/../lib64 -L/home/saturn/Applications/llvm-project/build/bin/../lib -L/lib -L/usr/lib CMakeFiles/cmTC_b87ad.dir/CMakeCCompilerABI.c.o -lgcc --as-needed -lgcc_s --no-as-needed -lc -lgcc --as-needed -lgcc_s --no-as-needed /usr/lib/gcc/x86_64-linux-gnu/9/crtend.o /lib/x86_64-linux-gnu/crtn.o
make[1]: Leaving directory '/home/saturn/workspace/tasks/os/toyos-0.11/build/CMakeFiles/CMakeTmp'



Parsed C implicit include dir info from above output: rv=done
  found start of include info
  found start of implicit include info
    add: [/home/saturn/Applications/llvm-project/build/lib/clang/14.0.0/include]
    add: [/usr/local/include]
    add: [/usr/include/x86_64-linux-gnu]
    add: [/usr/include]
  end of search list found
  collapse include dir [/home/saturn/Applications/llvm-project/build/lib/clang/14.0.0/include] ==> [/home/saturn/Applications/llvm-project/build/lib/clang/14.0.0/include]
  collapse include dir [/usr/local/include] ==> [/usr/local/include]
  collapse include dir [/usr/include/x86_64-linux-gnu] ==> [/usr/include/x86_64-linux-gnu]
  collapse include dir [/usr/include] ==> [/usr/include]
  implicit include dirs: [/home/saturn/Applications/llvm-project/build/lib/clang/14.0.0/include;/usr/local/include;/usr/include/x86_64-linux-gnu;/usr/include]


Parsed C implicit link information from above output:
  link line regex: [^( *|.*[/\])(ld|CMAKE_LINK_STARTFILE-NOTFOUND|([^/\]+-)?ld|collect2)[^/\]*( |$)]
  ignore line: [Change Dir: /home/saturn/workspace/tasks/os/toyos-0.11/build/CMakeFiles/CMakeTmp]
  ignore line: []
  ignore line: [Run Build Command(s):/usr/bin/make cmTC_b87ad/fast && /usr/bin/make -f CMakeFiles/cmTC_b87ad.dir/build.make CMakeFiles/cmTC_b87ad.dir/build]
  ignore line: [make[1]: Entering directory '/home/saturn/workspace/tasks/os/toyos-0.11/build/CMakeFiles/CMakeTmp']
  ignore line: [Building C object CMakeFiles/cmTC_b87ad.dir/CMakeCCompilerABI.c.o]
  ignore line: [/home/saturn/Applications/llvm-project/build/bin/clang   -v -o CMakeFiles/cmTC_b87ad.dir/CMakeCCompilerABI.c.o   -c /usr/share/cmake-3.16/Modules/CMakeCCompilerABI.c]
  ignore line: [clang version 14.0.0]
  ignore line: [Target: x86_64-unknown-linux-gnu]
  ignore line: [Thread model: posix]
  ignore line: [InstalledDir: /home/saturn/Applications/llvm-project/build/bin]
  ignore line: [Found candidate GCC installation: /usr/lib/gcc/x86_64-linux-gnu/9]
  ignore line: [Selected GCC installation: /usr/lib/gcc/x86_64-linux-gnu/9]
  ignore line: [Candidate multilib: .]
  ignore line: [@m64]
  ignore line: [Selected multilib: .]
  ignore line: [@m64]
  ignore line: [ (in-process)]
  ignore line: [ "/home/saturn/Applications/llvm-project/build/bin/clang-14" -cc1 -triple x86_64-unknown-linux-gnu -emit-obj -mrelax-all --mrelax-relocations -disable-free -main-file-name CMakeCCompilerABI.c -mrelocation-model static -mframe-pointer=all -fmath-errno -fno-rounding-math -mconstructor-aliases -munwind-tables -target-cpu x86-64 -tune-cpu generic -debugger-tuning=gdb -v -fcoverage-compilation-dir=/home/saturn/workspace/tasks/os/toyos-0.11/build/CMakeFiles/CMakeTmp -resource-dir /home/saturn/Applications/llvm-project/build/lib/clang/14.0.0 -internal-isystem /home/saturn/Applications/llvm-project/build/lib/clang/14.0.0/include -internal-isystem /usr/local/include -internal-isystem /usr/lib/gcc/x86_64-linux-gnu/9/../../../../x86_64-linux-gnu/include -internal-externc-isystem /usr/include/x86_64-linux-gnu -internal-externc-isystem /include -internal-externc-isystem /usr/include -fdebug-compilation-dir=/home/saturn/workspace/tasks/os/toyos-0.11/build/CMakeFiles/CMakeTmp -ferror-limit 19 -fgnuc-version=4.2.1 -faddrsig -D__GCC_HAVE_DWARF2_CFI_ASM=1 -o CMakeFiles/cmTC_b87ad.dir/CMakeCCompilerABI.c.o -x c /usr/share/cmake-3.16/Modules/CMakeCCompilerABI.c]
  ignore line: [clang -cc1 version 14.0.0 based upon LLVM 14.0.0git default target x86_64-unknown-linux-gnu]
  ignore line: [ignoring nonexistent directory "/usr/lib/gcc/x86_64-linux-gnu/9/../../../../x86_64-linux-gnu/include"]
  ignore line: [ignoring nonexistent directory "/include"]
  ignore line: [#include "..." search starts here:]
  ignore line: [#include <...> search starts here:]
  ignore line: [ /home/saturn/Applications/llvm-project/build/lib/clang/14.0.0/include]
  ignore line: [ /usr/local/include]
  ignore line: [ /usr/include/x86_64-linux-gnu]
  ignore line: [ /usr/include]
  ignore line: [End of search list.]
  ignore line: [Linking C executable cmTC_b87ad]
  ignore line: [/usr/bin/cmake -E cmake_link_script CMakeFiles/cmTC_b87ad.dir/link.txt --verbose=1]
  ignore line: [/home/saturn/Applications/llvm-project/build/bin/clang     -v CMakeFiles/cmTC_b87ad.dir/CMakeCCompilerABI.c.o  -o cmTC_b87ad ]
  ignore line: [clang version 14.0.0]
  ignore line: [Target: x86_64-unknown-linux-gnu]
  ignore line: [Thread model: posix]
  ignore line: [InstalledDir: /home/saturn/Applications/llvm-project/build/bin]
  ignore line: [Found candidate GCC installation: /usr/lib/gcc/x86_64-linux-gnu/9]
  ignore line: [Selected GCC installation: /usr/lib/gcc/x86_64-linux-gnu/9]
  ignore line: [Candidate multilib: .]
  ignore line: [@m64]
  ignore line: [Selected multilib: .]
  ignore line: [@m64]
  link line: [ "/usr/bin/ld" -z relro --hash-style=gnu --eh-frame-hdr -m elf_x86_64 -dynamic-linker /lib64/ld-linux-x86-64.so.2 -o cmTC_b87ad /lib/x86_64-linux-gnu/crt1.o /lib/x86_64-linux-gnu/crti.o /usr/lib/gcc/x86_64-linux-gnu/9/crtbegin.o -L/usr/lib/gcc/x86_64-linux-gnu/9 -L/usr/lib/gcc/x86_64-linux-gnu/9/../../../../lib64 -L/lib/x86_64-linux-gnu -L/lib/../lib64 -L/usr/lib/x86_64-linux-gnu -L/usr/lib/../lib64 -L/home/saturn/Applications/llvm-project/build/bin/../lib -L/lib -L/usr/lib CMakeFiles/cmTC_b87ad.dir/CMakeCCompilerABI.c.o -lgcc --as-needed -lgcc_s --no-as-needed -lc -lgcc --as-needed -lgcc_s --no-as-needed /usr/lib/gcc/x86_64-linux-gnu/9/crtend.o /lib/x86_64-linux-gnu/crtn.o]
    arg [/usr/bin/ld] ==> ignore
    arg [-zrelro] ==> ignore
    arg [--hash-style=gnu] ==> ignore
    arg [--eh-frame-hdr] ==> ignore
    arg [-m] ==> ignore
    arg [elf_x86_64] ==> ignore
    arg [-dynamic-linker] ==> ignore
    arg [/lib64/ld-linux-x86-64.so.2] ==> ignore
    arg [-o] ==> ignore
    arg [cmTC_b87ad] ==> ignore
    arg [/lib/x86_64-linux-gnu/crt1.o] ==> ignore
    arg [/lib/x86_64-linux-gnu/crti.o] ==> ignore
    arg [/usr/lib/gcc/x86_64-linux-gnu/9/crtbegin.o] ==> ignore
    arg [-L/usr/lib/gcc/x86_64-linux-gnu/9] ==> dir [/usr/lib/gcc/x86_64-linux-gnu/9]
    arg [-L/usr/lib/gcc/x86_64-linux-gnu/9/../../../../lib64] ==> dir [/usr/lib/gcc/x86_64-linux-gnu/9/../../../../lib64]
    arg [-L/lib/x86_64-linux-gnu] ==> dir [/lib/x86_64-linux-gnu]
    arg [-L/lib/../lib64] ==> dir [/lib/../lib64]
    arg [-L/usr/lib/x86_64-linux-gnu] ==> dir [/usr/lib/x86_64-linux-gnu]
    arg [-L/usr/lib/../lib64] ==> dir [/usr/lib/../lib64]
    arg [-L/home/saturn/Applications/llvm-project/build/bin/../lib] ==> dir [/home/saturn/Applications/llvm-project/build/bin/../lib]
    arg [-L/lib] ==> dir [/lib]
    arg [-L/usr/lib] ==> dir [/usr/lib]
    arg [CMakeFiles/cmTC_b87ad.dir/CMakeCCompilerABI.c.o] ==> ignore
    arg [-lgcc] ==> lib [gcc]
    arg [--as-needed] ==> ignore
    arg [-lgcc_s] ==> lib [gcc_s]
    arg [--no-as-needed] ==> ignore
    arg [-lc] ==> lib [c]
    arg [-lgcc] ==> lib [gcc]
    arg [--as-needed] ==> ignore
    arg [-lgcc_s] ==> lib [gcc_s]
    arg [--no-as-needed] ==> ignore
    arg [/usr/lib/gcc/x86_64-linux-gnu/9/crtend.o] ==> ignore
    arg [/lib/x86_64-linux-gnu/crtn.o] ==> ignore
  collapse library dir [/usr/lib/gcc/x86_64-linux-gnu/9] ==> [/usr/lib/gcc/x86_64-linux-gnu/9]
  collapse library dir [/usr/lib/gcc/x86_64-linux-gnu/9/../../../../lib64] ==> [/usr/lib64]
  collapse library dir [/lib/x86_64-linux-gnu] ==> [/lib/x86_64-linux-gnu]
  collapse library dir [/lib/../lib64] ==> [/lib64]
  collapse library dir [/usr/lib/x86_64-linux-gnu] ==> [/usr/lib/x86_64-linux-gnu]
  collapse library dir [/usr/lib/../lib64] ==> [/usr/lib64]
  collapse library dir [/home/saturn/Applications/llvm-project/build/bin/../lib] ==> [/home/saturn/Applications/llvm-project/build/lib]
  collapse library dir [/lib] ==> [/lib]
  collapse library dir [/usr/lib] ==> [/usr/lib]
  implicit libs: [gcc;gcc_s;c;gcc;gcc_s]
  implicit dirs: [/usr/lib/gcc/x86_64-linux-gnu/9;/usr/lib64;/lib/x86_64-linux-gnu;/lib64;/usr/lib/x86_64-linux-gnu;/home/saturn/Applications/llvm-project/build/lib;/lib;/usr/lib]
  implicit fwks: []


Determining if the CXX compiler works passed with the following output:
Change Dir: /home/saturn/workspace/tasks/os/toyos-0.11/build/CMakeFiles/CMakeTmp

Run Build Command(s):/usr/bin/make cmTC_5d821/fast && /usr/bin/make -f CMakeFiles/cmTC_5d821.dir/build.make CMakeFiles/cmTC_5d821.dir/build
make[1]: Entering directory '/home/saturn/workspace/tasks/os/toyos-0.11/build/CMakeFiles/CMakeTmp'
Building CXX object CMakeFiles/cmTC_5d821.dir/testCXXCompiler.cxx.o
/home/saturn/Applications/llvm-project/build/bin/clang++    -target riscv64 -nostdinc -nostdlib -mno-relax -fuse-ld=lld    -o CMakeFiles/cmTC_5d821.dir/testCXXCompiler.cxx.o -c /home/saturn/workspace/tasks/os/toyos-0.11/build/CMakeFiles/CMakeTmp/testCXXCompiler.cxx
clang-14: warning: argument unused during compilation: '-fuse-ld=lld' [-Wunused-command-line-argument]
Linking CXX executable cmTC_5d821
/usr/bin/cmake -E cmake_link_script CMakeFiles/cmTC_5d821.dir/link.txt --verbose=1
/home/saturn/Applications/llvm-project/build/bin/clang++  -target riscv64 -nostdinc -nostdlib -mno-relax -fuse-ld=lld     CMakeFiles/cmTC_5d821.dir/testCXXCompiler.cxx.o  -o cmTC_5d821 
clang-14: warning: argument unused during compilation: '-nostdinc' [-Wunused-command-line-argument]
ld.lld: warning: cannot find entry symbol _start; defaulting to 0x11120
make[1]: Leaving directory '/home/saturn/workspace/tasks/os/toyos-0.11/build/CMakeFiles/CMakeTmp'



Detecting CXX compiler ABI info compiled with the following output:
Change Dir: /home/saturn/workspace/tasks/os/toyos-0.11/build/CMakeFiles/CMakeTmp

Run Build Command(s):/usr/bin/make cmTC_9329a/fast && /usr/bin/make -f CMakeFiles/cmTC_9329a.dir/build.make CMakeFiles/cmTC_9329a.dir/build
make[1]: Entering directory '/home/saturn/workspace/tasks/os/toyos-0.11/build/CMakeFiles/CMakeTmp'
Building CXX object CMakeFiles/cmTC_9329a.dir/CMakeCXXCompilerABI.cpp.o
/home/saturn/Applications/llvm-project/build/bin/clang++    -target riscv64 -nostdinc -nostdlib -mno-relax -fuse-ld=lld    -v -o CMakeFiles/cmTC_9329a.dir/CMakeCXXCompilerABI.cpp.o -c /usr/share/cmake-3.16/Modules/CMakeCXXCompilerABI.cpp
clang version 14.0.0
Target: riscv64
Thread model: posix
InstalledDir: /home/saturn/Applications/llvm-project/build/bin
clang-14: warning: argument unused during compilation: '-fuse-ld=lld' [-Wunused-command-line-argument]
 (in-process)
 "/home/saturn/Applications/llvm-project/build/bin/clang-14" -cc1 -triple riscv64 -emit-obj -mrelax-all --mrelax-relocations -disable-free -main-file-name CMakeCXXCompilerABI.cpp -mrelocation-model static -mframe-pointer=all -fmath-errno -fno-rounding-math -fno-verbose-asm -mconstructor-aliases -nostdsysteminc -target-feature +m -target-feature +a -target-feature +c -target-feature -relax -target-feature -save-restore -target-abi lp64 -msmall-data-limit 8 -debugger-tuning=gdb -v -fcoverage-compilation-dir=/home/saturn/workspace/tasks/os/toyos-0.11/build/CMakeFiles/CMakeTmp -nostdsysteminc -nobuiltininc -resource-dir /home/saturn/Applications/llvm-project/build/lib/clang/14.0.0 -fdeprecated-macro -fdebug-compilation-dir=/home/saturn/workspace/tasks/os/toyos-0.11/build/CMakeFiles/CMakeTmp -ferror-limit 19 -fno-signed-char -fgnuc-version=4.2.1 -fcxx-exceptions -fexceptions -faddrsig -D__GCC_HAVE_DWARF2_CFI_ASM=1 -o CMakeFiles/cmTC_9329a.dir/CMakeCXXCompilerABI.cpp.o -x c++ /usr/share/cmake-3.16/Modules/CMakeCXXCompilerABI.cpp
clang -cc1 version 14.0.0 based upon LLVM 14.0.0git default target x86_64-unknown-linux-gnu
#include "..." search starts here:
End of search list.
Linking CXX executable cmTC_9329a
/usr/bin/cmake -E cmake_link_script CMakeFiles/cmTC_9329a.dir/link.txt --verbose=1
/home/saturn/Applications/llvm-project/build/bin/clang++  -target riscv64 -nostdinc -nostdlib -mno-relax -fuse-ld=lld    -v CMakeFiles/cmTC_9329a.dir/CMakeCXXCompilerABI.cpp.o  -o cmTC_9329a 
clang version 14.0.0
Target: riscv64
Thread model: posix
InstalledDir: /home/saturn/Applications/llvm-project/build/bin
clang-14: warning: argument unused during compilation: '-nostdinc' [-Wunused-command-line-argument]
 "/home/saturn/Applications/llvm-project/build/bin/ld.lld" CMakeFiles/cmTC_9329a.dir/CMakeCXXCompilerABI.cpp.o -Bstatic -L/home/saturn/Applications/llvm-project/build/bin/../lib/clang-runtimes/riscv64/lib -L/home/saturn/Applications/llvm-project/build/lib/clang/14.0.0/lib/baremetal -o cmTC_9329a
ld.lld: warning: cannot find entry symbol _start; defaulting to 0x11144
make[1]: Leaving directory '/home/saturn/workspace/tasks/os/toyos-0.11/build/CMakeFiles/CMakeTmp'



Parsed CXX implicit include dir info from above output: rv=done
  found start of include info
  end of search list found
  implicit include dirs: []


Parsed CXX implicit link information from above output:
  link line regex: [^( *|.*[/\])(ld|CMAKE_LINK_STARTFILE-NOTFOUND|([^/\]+-)?ld|collect2)[^/\]*( |$)]
  ignore line: [Change Dir: /home/saturn/workspace/tasks/os/toyos-0.11/build/CMakeFiles/CMakeTmp]
  ignore line: []
  ignore line: [Run Build Command(s):/usr/bin/make cmTC_9329a/fast && /usr/bin/make -f CMakeFiles/cmTC_9329a.dir/build.make CMakeFiles/cmTC_9329a.dir/build]
  ignore line: [make[1]: Entering directory '/home/saturn/workspace/tasks/os/toyos-0.11/build/CMakeFiles/CMakeTmp']
  ignore line: [Building CXX object CMakeFiles/cmTC_9329a.dir/CMakeCXXCompilerABI.cpp.o]
  ignore line: [/home/saturn/Applications/llvm-project/build/bin/clang++    -target riscv64 -nostdinc -nostdlib -mno-relax -fuse-ld=lld    -v -o CMakeFiles/cmTC_9329a.dir/CMakeCXXCompilerABI.cpp.o -c /usr/share/cmake-3.16/Modules/CMakeCXXCompilerABI.cpp]
  ignore line: [clang version 14.0.0]
  ignore line: [Target: riscv64]
  ignore line: [Thread model: posix]
  ignore line: [InstalledDir: /home/saturn/Applications/llvm-project/build/bin]
  ignore line: [clang-14: warning: argument unused during compilation: '-fuse-ld=lld' [-Wunused-command-line-argument]]
  ignore line: [ (in-process)]
  ignore line: [ "/home/saturn/Applications/llvm-project/build/bin/clang-14" -cc1 -triple riscv64 -emit-obj -mrelax-all --mrelax-relocations -disable-free -main-file-name CMakeCXXCompilerABI.cpp -mrelocation-model static -mframe-pointer=all -fmath-errno -fno-rounding-math -fno-verbose-asm -mconstructor-aliases -nostdsysteminc -target-feature +m -target-feature +a -target-feature +c -target-feature -relax -target-feature -save-restore -target-abi lp64 -msmall-data-limit 8 -debugger-tuning=gdb -v -fcoverage-compilation-dir=/home/saturn/workspace/tasks/os/toyos-0.11/build/CMakeFiles/CMakeTmp -nostdsysteminc -nobuiltininc -resource-dir /home/saturn/Applications/llvm-project/build/lib/clang/14.0.0 -fdeprecated-macro -fdebug-compilation-dir=/home/saturn/workspace/tasks/os/toyos-0.11/build/CMakeFiles/CMakeTmp -ferror-limit 19 -fno-signed-char -fgnuc-version=4.2.1 -fcxx-exceptions -fexceptions -faddrsig -D__GCC_HAVE_DWARF2_CFI_ASM=1 -o CMakeFiles/cmTC_9329a.dir/CMakeCXXCompilerABI.cpp.o -x c++ /usr/share/cmake-3.16/Modules/CMakeCXXCompilerABI.cpp]
  ignore line: [clang -cc1 version 14.0.0 based upon LLVM 14.0.0git default target x86_64-unknown-linux-gnu]
  ignore line: [#include "..." search starts here:]
  ignore line: [End of search list.]
  ignore line: [Linking CXX executable cmTC_9329a]
  ignore line: [/usr/bin/cmake -E cmake_link_script CMakeFiles/cmTC_9329a.dir/link.txt --verbose=1]
  ignore line: [/home/saturn/Applications/llvm-project/build/bin/clang++  -target riscv64 -nostdinc -nostdlib -mno-relax -fuse-ld=lld    -v CMakeFiles/cmTC_9329a.dir/CMakeCXXCompilerABI.cpp.o  -o cmTC_9329a ]
  ignore line: [clang version 14.0.0]
  ignore line: [Target: riscv64]
  ignore line: [Thread model: posix]
  ignore line: [InstalledDir: /home/saturn/Applications/llvm-project/build/bin]
  ignore line: [clang-14: warning: argument unused during compilation: '-nostdinc' [-Wunused-command-line-argument]]
  link line: [ "/home/saturn/Applications/llvm-project/build/bin/ld.lld" CMakeFiles/cmTC_9329a.dir/CMakeCXXCompilerABI.cpp.o -Bstatic -L/home/saturn/Applications/llvm-project/build/bin/../lib/clang-runtimes/riscv64/lib -L/home/saturn/Applications/llvm-project/build/lib/clang/14.0.0/lib/baremetal -o cmTC_9329a]
    arg [/home/saturn/Applications/llvm-project/build/bin/ld.lld] ==> ignore
    arg [CMakeFiles/cmTC_9329a.dir/CMakeCXXCompilerABI.cpp.o] ==> ignore
    arg [-Bstatic] ==> ignore
    arg [-L/home/saturn/Applications/llvm-project/build/bin/../lib/clang-runtimes/riscv64/lib] ==> dir [/home/saturn/Applications/llvm-project/build/bin/../lib/clang-runtimes/riscv64/lib]
    arg [-L/home/saturn/Applications/llvm-project/build/lib/clang/14.0.0/lib/baremetal] ==> dir [/home/saturn/Applications/llvm-project/build/lib/clang/14.0.0/lib/baremetal]
    arg [-o] ==> ignore
    arg [cmTC_9329a] ==> ignore
  collapse library dir [/home/saturn/Applications/llvm-project/build/bin/../lib/clang-runtimes/riscv64/lib] ==> [/home/saturn/Applications/llvm-project/build/lib/clang-runtimes/riscv64/lib]
  collapse library dir [/home/saturn/Applications/llvm-project/build/lib/clang/14.0.0/lib/baremetal] ==> [/home/saturn/Applications/llvm-project/build/lib/clang/14.0.0/lib/baremetal]
  implicit libs: []
  implicit dirs: [/home/saturn/Applications/llvm-project/build/lib/clang-runtimes/riscv64/lib;/home/saturn/Applications/llvm-project/build/lib/clang/14.0.0/lib/baremetal]
  implicit fwks: []


